<html>
<head>
<title>TestNG:  Test</title>
<link href="../testng.css" rel="stylesheet" type="text/css" />
<link href="../my-testng.css" rel="stylesheet" type="text/css" />

<style type="text/css">
.log { display: none;} 
.stack-trace { display: none;} 
</style>
<script type="text/javascript">
<!--
function flip(e) {
  current = e.style.display;
  if (current == 'block') {
    e.style.display = 'none';
    return 0;
  }
  else {
    e.style.display = 'block';
    return 1;
  }
}

function toggleBox(szDivId, elem, msg1, msg2)
{
  var res = -1;  if (document.getElementById) {
    res = flip(document.getElementById(szDivId));
  }
  else if (document.all) {
    // this is the way old msie versions work
    res = flip(document.all[szDivId]);
  }
  if(elem) {
    if(res == 0) elem.innerHTML = msg1; else elem.innerHTML = msg2;
  }

}

function toggleAllBoxes() {
  if (document.getElementsByTagName) {
    d = document.getElementsByTagName('div');
    for (i = 0; i < d.length; i++) {
      if (d[i].className == 'log') {
        flip(d[i]);
      }
    }
  }
}

// -->
</script>

</head>
<body>
<h2 align='center'>Test</h2><table border='1' align="center">
<tr>
<td>Tests passed/Failed/Skipped:</td><td>51/4/1</td>
</tr><tr>
<td>Started on:</td><td>Tue Oct 22 22:30:48 IST 2024</td>
</tr>
<tr><td>Total time:</td><td>17 seconds (17168 ms)</td>
</tr><tr>
<td>Included groups:</td><td></td>
</tr><tr>
<td>Excluded groups:</td><td></td>
</tr>
</table><p/>
<small><i>(Hover the method name to see the test class name)</i></small><p/>
<table width='100%' border='1' class='invocation-failed'>
<tr><td colspan='4' align='center'><b>FAILED TESTS</b></td></tr>
<tr><td><b>Test method</b></td>
<td><b>Attribute(s)</b></td>
<td width="30%"><b>Exception</b></td>
<td width="10%"><b>Time (seconds)</b></td>
<td><b>Instance</b></td>
</tr>
<tr>
<td title='demoTestNG.FirstScenario8.sixth_testcase()'><b>sixth_testcase</b><br>Test class: demoTestNG.FirstScenario8</td>
<td><div><pre>java.lang.AssertionError: expected [Hello1] but found [Hello]
	at demoTestNG.FirstScenario8.sixth_testcase(FirstScenario8.java:42)
	at java.base/java.util.ArrayList.forEach(ArrayList.java:1511)
... Removed 33 stack frames</pre></div><a href='#' onClick='toggleBox("stack-trace1264701638", this, "Click to show all stack frames", "Click to hide stack frames")'>Click to show all stack frames</a>
<div class='stack-trace' id='stack-trace1264701638'><pre>java.lang.AssertionError: expected [Hello1] but found [Hello]
	at org.testng.Assert.fail(Assert.java:111)
	at org.testng.Assert.failNotEquals(Assert.java:1578)
	at org.testng.Assert.assertEqualsImpl(Assert.java:150)
	at org.testng.Assert.assertEquals(Assert.java:132)
	at org.testng.Assert.assertEquals(Assert.java:656)
	at org.testng.Assert.assertEquals(Assert.java:666)
	at demoTestNG.FirstScenario8.sixth_testcase(FirstScenario8.java:42)
	at java.base/jdk.internal.reflect.NativeMethodAccessorImpl.invoke0(Native Method)
	at java.base/jdk.internal.reflect.NativeMethodAccessorImpl.invoke(NativeMethodAccessorImpl.java:77)
	at java.base/jdk.internal.reflect.DelegatingMethodAccessorImpl.invoke(DelegatingMethodAccessorImpl.java:43)
	at java.base/java.lang.reflect.Method.invoke(Method.java:568)
	at org.testng.internal.invokers.MethodInvocationHelper.invokeMethod(MethodInvocationHelper.java:141)
	at org.testng.internal.invokers.TestInvoker.invokeMethod(TestInvoker.java:686)
	at org.testng.internal.invokers.TestInvoker.invokeTestMethod(TestInvoker.java:230)
	at org.testng.internal.invokers.MethodRunner.runInSequence(MethodRunner.java:63)
	at org.testng.internal.invokers.TestInvoker$MethodInvocationAgent.invoke(TestInvoker.java:992)
	at org.testng.internal.invokers.TestInvoker.invokeTestMethods(TestInvoker.java:203)
	at org.testng.internal.invokers.TestMethodWorker.invokeTestMethods(TestMethodWorker.java:154)
	at org.testng.internal.invokers.TestMethodWorker.run(TestMethodWorker.java:134)
	at java.base/java.util.ArrayList.forEach(ArrayList.java:1511)
	at org.testng.TestRunner.privateRun(TestRunner.java:739)
	at org.testng.TestRunner.run(TestRunner.java:614)
	at org.testng.SuiteRunner.runTest(SuiteRunner.java:421)
	at org.testng.SuiteRunner.runSequentially(SuiteRunner.java:413)
	at org.testng.SuiteRunner.privateRun(SuiteRunner.java:373)
	at org.testng.SuiteRunner.run(SuiteRunner.java:312)
	at org.testng.SuiteRunnerWorker.runSuite(SuiteRunnerWorker.java:52)
	at org.testng.SuiteRunnerWorker.run(SuiteRunnerWorker.java:95)
	at org.testng.TestNG.runSuitesSequentially(TestNG.java:1274)
	at org.testng.TestNG.runSuitesLocally(TestNG.java:1208)
	at org.testng.TestNG.runSuites(TestNG.java:1112)
	at org.testng.TestNG.run(TestNG.java:1079)
	at org.testng.remote.AbstractRemoteTestNG.run(AbstractRemoteTestNG.java:115)
	at org.testng.remote.RemoteTestNG.initAndRun(RemoteTestNG.java:293)
	at org.testng.remote.RemoteTestNG.main(RemoteTestNG.java:91)
</pre></div></td>
<td>0</td>
<td>demoTestNG.FirstScenario8@13d73f29</td></tr>
<tr>
<td title='demoTestNG.FirstScenario9.third_testcase()'><b>third_testcase</b><br>Test class: demoTestNG.FirstScenario9</td>
<td><div><pre>java.lang.AssertionError: expected [Hello1] but found [Hello]
	at demoTestNG.FirstScenario9.third_testcase(FirstScenario9.java:24)
	at java.base/java.util.ArrayList.forEach(ArrayList.java:1511)
... Removed 33 stack frames</pre></div><a href='#' onClick='toggleBox("stack-trace521466380", this, "Click to show all stack frames", "Click to hide stack frames")'>Click to show all stack frames</a>
<div class='stack-trace' id='stack-trace521466380'><pre>java.lang.AssertionError: expected [Hello1] but found [Hello]
	at org.testng.Assert.fail(Assert.java:111)
	at org.testng.Assert.failNotEquals(Assert.java:1578)
	at org.testng.Assert.assertEqualsImpl(Assert.java:150)
	at org.testng.Assert.assertEquals(Assert.java:132)
	at org.testng.Assert.assertEquals(Assert.java:656)
	at org.testng.Assert.assertEquals(Assert.java:666)
	at demoTestNG.FirstScenario9.third_testcase(FirstScenario9.java:24)
	at java.base/jdk.internal.reflect.NativeMethodAccessorImpl.invoke0(Native Method)
	at java.base/jdk.internal.reflect.NativeMethodAccessorImpl.invoke(NativeMethodAccessorImpl.java:77)
	at java.base/jdk.internal.reflect.DelegatingMethodAccessorImpl.invoke(DelegatingMethodAccessorImpl.java:43)
	at java.base/java.lang.reflect.Method.invoke(Method.java:568)
	at org.testng.internal.invokers.MethodInvocationHelper.invokeMethod(MethodInvocationHelper.java:141)
	at org.testng.internal.invokers.TestInvoker.invokeMethod(TestInvoker.java:686)
	at org.testng.internal.invokers.TestInvoker.invokeTestMethod(TestInvoker.java:230)
	at org.testng.internal.invokers.MethodRunner.runInSequence(MethodRunner.java:63)
	at org.testng.internal.invokers.TestInvoker$MethodInvocationAgent.invoke(TestInvoker.java:992)
	at org.testng.internal.invokers.TestInvoker.invokeTestMethods(TestInvoker.java:203)
	at org.testng.internal.invokers.TestMethodWorker.invokeTestMethods(TestMethodWorker.java:154)
	at org.testng.internal.invokers.TestMethodWorker.run(TestMethodWorker.java:134)
	at java.base/java.util.ArrayList.forEach(ArrayList.java:1511)
	at org.testng.TestRunner.privateRun(TestRunner.java:739)
	at org.testng.TestRunner.run(TestRunner.java:614)
	at org.testng.SuiteRunner.runTest(SuiteRunner.java:421)
	at org.testng.SuiteRunner.runSequentially(SuiteRunner.java:413)
	at org.testng.SuiteRunner.privateRun(SuiteRunner.java:373)
	at org.testng.SuiteRunner.run(SuiteRunner.java:312)
	at org.testng.SuiteRunnerWorker.runSuite(SuiteRunnerWorker.java:52)
	at org.testng.SuiteRunnerWorker.run(SuiteRunnerWorker.java:95)
	at org.testng.TestNG.runSuitesSequentially(TestNG.java:1274)
	at org.testng.TestNG.runSuitesLocally(TestNG.java:1208)
	at org.testng.TestNG.runSuites(TestNG.java:1112)
	at org.testng.TestNG.run(TestNG.java:1079)
	at org.testng.remote.AbstractRemoteTestNG.run(AbstractRemoteTestNG.java:115)
	at org.testng.remote.RemoteTestNG.initAndRun(RemoteTestNG.java:293)
	at org.testng.remote.RemoteTestNG.main(RemoteTestNG.java:91)
</pre></div></td>
<td>0</td>
<td>demoTestNG.FirstScenario9@565f390</td></tr>
<tr>
<td title='demoTestNG.FirstScenario6.third_testcase()'><b>third_testcase</b><br>Test class: demoTestNG.FirstScenario6</td>
<td><div><pre>java.lang.AssertionError: expected [Hello1] but found [Hello]
	at demoTestNG.FirstScenario6.third_testcase(FirstScenario6.java:24)
	at java.base/java.util.ArrayList.forEach(ArrayList.java:1511)
... Removed 33 stack frames</pre></div><a href='#' onClick='toggleBox("stack-trace285754614", this, "Click to show all stack frames", "Click to hide stack frames")'>Click to show all stack frames</a>
<div class='stack-trace' id='stack-trace285754614'><pre>java.lang.AssertionError: expected [Hello1] but found [Hello]
	at org.testng.Assert.fail(Assert.java:111)
	at org.testng.Assert.failNotEquals(Assert.java:1578)
	at org.testng.Assert.assertEqualsImpl(Assert.java:150)
	at org.testng.Assert.assertEquals(Assert.java:132)
	at org.testng.Assert.assertEquals(Assert.java:656)
	at org.testng.Assert.assertEquals(Assert.java:666)
	at demoTestNG.FirstScenario6.third_testcase(FirstScenario6.java:24)
	at java.base/jdk.internal.reflect.NativeMethodAccessorImpl.invoke0(Native Method)
	at java.base/jdk.internal.reflect.NativeMethodAccessorImpl.invoke(NativeMethodAccessorImpl.java:77)
	at java.base/jdk.internal.reflect.DelegatingMethodAccessorImpl.invoke(DelegatingMethodAccessorImpl.java:43)
	at java.base/java.lang.reflect.Method.invoke(Method.java:568)
	at org.testng.internal.invokers.MethodInvocationHelper.invokeMethod(MethodInvocationHelper.java:141)
	at org.testng.internal.invokers.TestInvoker.invokeMethod(TestInvoker.java:686)
	at org.testng.internal.invokers.TestInvoker.invokeTestMethod(TestInvoker.java:230)
	at org.testng.internal.invokers.MethodRunner.runInSequence(MethodRunner.java:63)
	at org.testng.internal.invokers.TestInvoker$MethodInvocationAgent.invoke(TestInvoker.java:992)
	at org.testng.internal.invokers.TestInvoker.invokeTestMethods(TestInvoker.java:203)
	at org.testng.internal.invokers.TestMethodWorker.invokeTestMethods(TestMethodWorker.java:154)
	at org.testng.internal.invokers.TestMethodWorker.run(TestMethodWorker.java:134)
	at java.base/java.util.ArrayList.forEach(ArrayList.java:1511)
	at org.testng.TestRunner.privateRun(TestRunner.java:739)
	at org.testng.TestRunner.run(TestRunner.java:614)
	at org.testng.SuiteRunner.runTest(SuiteRunner.java:421)
	at org.testng.SuiteRunner.runSequentially(SuiteRunner.java:413)
	at org.testng.SuiteRunner.privateRun(SuiteRunner.java:373)
	at org.testng.SuiteRunner.run(SuiteRunner.java:312)
	at org.testng.SuiteRunnerWorker.runSuite(SuiteRunnerWorker.java:52)
	at org.testng.SuiteRunnerWorker.run(SuiteRunnerWorker.java:95)
	at org.testng.TestNG.runSuitesSequentially(TestNG.java:1274)
	at org.testng.TestNG.runSuitesLocally(TestNG.java:1208)
	at org.testng.TestNG.runSuites(TestNG.java:1112)
	at org.testng.TestNG.run(TestNG.java:1079)
	at org.testng.remote.AbstractRemoteTestNG.run(AbstractRemoteTestNG.java:115)
	at org.testng.remote.RemoteTestNG.initAndRun(RemoteTestNG.java:293)
	at org.testng.remote.RemoteTestNG.main(RemoteTestNG.java:91)
</pre></div></td>
<td>0</td>
<td>demoTestNG.FirstScenario6@7dc3712</td></tr>
<tr>
<td title='demoTestNG.FirstScenario.first_testcase()'><b>first_testcase</b><br>Test class: demoTestNG.FirstScenario</td>
<td><div><pre>java.lang.AssertionError: expected [Hello1] but found [Hello]
	at demoTestNG.FirstScenario.first_testcase(FirstScenario.java:15)
	at java.base/java.util.ArrayList.forEach(ArrayList.java:1511)
... Removed 33 stack frames</pre></div><a href='#' onClick='toggleBox("stack-trace1860491691", this, "Click to show all stack frames", "Click to hide stack frames")'>Click to show all stack frames</a>
<div class='stack-trace' id='stack-trace1860491691'><pre>java.lang.AssertionError: expected [Hello1] but found [Hello]
	at org.testng.Assert.fail(Assert.java:111)
	at org.testng.Assert.failNotEquals(Assert.java:1578)
	at org.testng.Assert.assertEqualsImpl(Assert.java:150)
	at org.testng.Assert.assertEquals(Assert.java:132)
	at org.testng.Assert.assertEquals(Assert.java:656)
	at org.testng.Assert.assertEquals(Assert.java:666)
	at demoTestNG.FirstScenario.first_testcase(FirstScenario.java:15)
	at java.base/jdk.internal.reflect.NativeMethodAccessorImpl.invoke0(Native Method)
	at java.base/jdk.internal.reflect.NativeMethodAccessorImpl.invoke(NativeMethodAccessorImpl.java:77)
	at java.base/jdk.internal.reflect.DelegatingMethodAccessorImpl.invoke(DelegatingMethodAccessorImpl.java:43)
	at java.base/java.lang.reflect.Method.invoke(Method.java:568)
	at org.testng.internal.invokers.MethodInvocationHelper.invokeMethod(MethodInvocationHelper.java:141)
	at org.testng.internal.invokers.TestInvoker.invokeMethod(TestInvoker.java:686)
	at org.testng.internal.invokers.TestInvoker.invokeTestMethod(TestInvoker.java:230)
	at org.testng.internal.invokers.MethodRunner.runInSequence(MethodRunner.java:63)
	at org.testng.internal.invokers.TestInvoker$MethodInvocationAgent.invoke(TestInvoker.java:992)
	at org.testng.internal.invokers.TestInvoker.invokeTestMethods(TestInvoker.java:203)
	at org.testng.internal.invokers.TestMethodWorker.invokeTestMethods(TestMethodWorker.java:154)
	at org.testng.internal.invokers.TestMethodWorker.run(TestMethodWorker.java:134)
	at java.base/java.util.ArrayList.forEach(ArrayList.java:1511)
	at org.testng.TestRunner.privateRun(TestRunner.java:739)
	at org.testng.TestRunner.run(TestRunner.java:614)
	at org.testng.SuiteRunner.runTest(SuiteRunner.java:421)
	at org.testng.SuiteRunner.runSequentially(SuiteRunner.java:413)
	at org.testng.SuiteRunner.privateRun(SuiteRunner.java:373)
	at org.testng.SuiteRunner.run(SuiteRunner.java:312)
	at org.testng.SuiteRunnerWorker.runSuite(SuiteRunnerWorker.java:52)
	at org.testng.SuiteRunnerWorker.run(SuiteRunnerWorker.java:95)
	at org.testng.TestNG.runSuitesSequentially(TestNG.java:1274)
	at org.testng.TestNG.runSuitesLocally(TestNG.java:1208)
	at org.testng.TestNG.runSuites(TestNG.java:1112)
	at org.testng.TestNG.run(TestNG.java:1079)
	at org.testng.remote.AbstractRemoteTestNG.run(AbstractRemoteTestNG.java:115)
	at org.testng.remote.RemoteTestNG.initAndRun(RemoteTestNG.java:293)
	at org.testng.remote.RemoteTestNG.main(RemoteTestNG.java:91)
</pre></div></td>
<td>0</td>
<td>demoTestNG.FirstScenario@508dec2b</td></tr>
</table><p>
<table width='100%' border='1' class='invocation-passed'>
<tr><td colspan='4' align='center'><b>PASSED TESTS</b></td></tr>
<tr><td><b>Test method</b></td>
<td><b>Attribute(s)</b></td>
<td width="30%"><b>Exception</b></td>
<td width="10%"><b>Time (seconds)</b></td>
<td><b>Instance</b></td>
</tr>
<tr>
<td title='demoTestNG.FirstScenario2.second_testcase()'><b>second_testcase</b><br>Test class: demoTestNG.FirstScenario2</td>
<td></td>
<td>0</td>
<td>demoTestNG.FirstScenario2@29f7cefd</td></tr>
<tr>
<td title='demoTestNG.FirstScenario.sixth_testcase()'><b>sixth_testcase</b><br>Test class: demoTestNG.FirstScenario</td>
<td></td>
<td>0</td>
<td>demoTestNG.FirstScenario@508dec2b</td></tr>
<tr>
<td title='basicPkg.FirstScenario2.fifth_testcase()'><b>fifth_testcase</b><br>Test class: basicPkg.FirstScenario2</td>
<td></td>
<td>0</td>
<td>basicPkg.FirstScenario2@1224144a</td></tr>
<tr>
<td title='demoTestNG.FirstScenario4.first_testcase()'><b>first_testcase</b><br>Test class: demoTestNG.FirstScenario4</td>
<td></td>
<td>0</td>
<td>demoTestNG.FirstScenario4@6f36c2f0</td></tr>
<tr>
<td title='demoTestNG.FirstScenario.second_testcase()'><b>second_testcase</b><br>Test class: demoTestNG.FirstScenario</td>
<td></td>
<td>0</td>
<td>demoTestNG.FirstScenario@508dec2b</td></tr>
<tr>
<td title='demoTestNG.FirstScenario5.forth_testcase()'><b>forth_testcase</b><br>Test class: demoTestNG.FirstScenario5</td>
<td></td>
<td>0</td>
<td>demoTestNG.FirstScenario5@f58853c</td></tr>
<tr>
<td title='demoTestNG.FirstScenario5.sixth_testcase()'><b>sixth_testcase</b><br>Test class: demoTestNG.FirstScenario5</td>
<td></td>
<td>0</td>
<td>demoTestNG.FirstScenario5@f58853c</td></tr>
<tr>
<td title='demoTestNG.FirstScenario3.forth_testcase()'><b>forth_testcase</b><br>Test class: demoTestNG.FirstScenario3</td>
<td></td>
<td>0</td>
<td>demoTestNG.FirstScenario3@1e16c0aa</td></tr>
<tr>
<td title='basicPkg.FirstScenario2.third_testcase()'><b>third_testcase</b><br>Test class: basicPkg.FirstScenario2</td>
<td></td>
<td>0</td>
<td>basicPkg.FirstScenario2@1224144a</td></tr>
<tr>
<td title='demoTestNG.FirstScenario8.second_testcase()'><b>second_testcase</b><br>Test class: demoTestNG.FirstScenario8</td>
<td></td>
<td>0</td>
<td>demoTestNG.FirstScenario8@13d73f29</td></tr>
<tr>
<td title='demoTestNG.FirstScenario6.fifth_testcase()'><b>fifth_testcase</b><br>Test class: demoTestNG.FirstScenario6</td>
<td></td>
<td>0</td>
<td>demoTestNG.FirstScenario6@7dc3712</td></tr>
<tr>
<td title='demoTestNG.FirstScenario2.third_testcase()'><b>third_testcase</b><br>Test class: demoTestNG.FirstScenario2</td>
<td></td>
<td>0</td>
<td>demoTestNG.FirstScenario2@29f7cefd</td></tr>
<tr>
<td title='basicPkg.FirstScenario2.first_testcase()'><b>first_testcase</b><br>Test class: basicPkg.FirstScenario2</td>
<td></td>
<td>0</td>
<td>basicPkg.FirstScenario2@1224144a</td></tr>
<tr>
<td title='demoTestNG.FirstScenario9.sixth_testcase()'><b>sixth_testcase</b><br>Test class: demoTestNG.FirstScenario9</td>
<td></td>
<td>0</td>
<td>demoTestNG.FirstScenario9@565f390</td></tr>
<tr>
<td title='demoTestNG.FirstScenario6.second_testcase()'><b>second_testcase</b><br>Test class: demoTestNG.FirstScenario6</td>
<td></td>
<td>0</td>
<td>demoTestNG.FirstScenario6@7dc3712</td></tr>
<tr>
<td title='demoTestNG.FirstScenario8.first_testcase()'><b>first_testcase</b><br>Test class: demoTestNG.FirstScenario8</td>
<td></td>
<td>0</td>
<td>demoTestNG.FirstScenario8@13d73f29</td></tr>
<tr>
<td title='demoTestNG.FirstScenario4.second_testcase()'><b>second_testcase</b><br>Test class: demoTestNG.FirstScenario4</td>
<td></td>
<td>0</td>
<td>demoTestNG.FirstScenario4@6f36c2f0</td></tr>
<tr>
<td title='basicPkg.FirstScenario2.second_testcase()'><b>second_testcase</b><br>Test class: basicPkg.FirstScenario2</td>
<td></td>
<td>0</td>
<td>basicPkg.FirstScenario2@1224144a</td></tr>
<tr>
<td title='demoTestNG.FirstScenario5.second_testcase()'><b>second_testcase</b><br>Test class: demoTestNG.FirstScenario5</td>
<td></td>
<td>0</td>
<td>demoTestNG.FirstScenario5@f58853c</td></tr>
<tr>
<td title='demoTestNG.FirstScenario6.sixth_testcase()'><b>sixth_testcase</b><br>Test class: demoTestNG.FirstScenario6</td>
<td></td>
<td>0</td>
<td>demoTestNG.FirstScenario6@7dc3712</td></tr>
<tr>
<td title='demoTestNG.FirstScenario3.second_testcase()'><b>second_testcase</b><br>Test class: demoTestNG.FirstScenario3</td>
<td></td>
<td>0</td>
<td>demoTestNG.FirstScenario3@1e16c0aa</td></tr>
<tr>
<td title='demoTestNG.FirstScenario6.forth_testcase()'><b>forth_testcase</b><br>Test class: demoTestNG.FirstScenario6</td>
<td></td>
<td>0</td>
<td>demoTestNG.FirstScenario6@7dc3712</td></tr>
<tr>
<td title='demoTestNG.FirstScenario.forth_testcase()'><b>forth_testcase</b><br>Test class: demoTestNG.FirstScenario</td>
<td></td>
<td>0</td>
<td>demoTestNG.FirstScenario@508dec2b</td></tr>
<tr>
<td title='demoTestNG.FirstScenario6.first_testcase()'><b>first_testcase</b><br>Test class: demoTestNG.FirstScenario6</td>
<td></td>
<td>0</td>
<td>demoTestNG.FirstScenario6@7dc3712</td></tr>
<tr>
<td title='org.xyz.automation.fb.HandleKeyboardMouseWindows.mouseOps()'><b>mouseOps</b><br>Test class: org.xyz.automation.fb.HandleKeyboardMouseWindows</td>
<td></td>
<td>12</td>
<td>org.xyz.automation.fb.HandleKeyboardMouseWindows@700fb871</td></tr>
<tr>
<td title='basicPkg.FirstScenario2.forth_testcase()'><b>forth_testcase</b><br>Test class: basicPkg.FirstScenario2</td>
<td></td>
<td>0</td>
<td>basicPkg.FirstScenario2@1224144a</td></tr>
<tr>
<td title='demoTestNG.FirstScenario9.second_testcase()'><b>second_testcase</b><br>Test class: demoTestNG.FirstScenario9</td>
<td></td>
<td>0</td>
<td>demoTestNG.FirstScenario9@565f390</td></tr>
<tr>
<td title='demoTestNG.FirstScenario5.first_testcase()'><b>first_testcase</b><br>Test class: demoTestNG.FirstScenario5</td>
<td></td>
<td>0</td>
<td>demoTestNG.FirstScenario5@f58853c</td></tr>
<tr>
<td title='demoTestNG.FirstScenario2.first_testcase()'><b>first_testcase</b><br>Test class: demoTestNG.FirstScenario2</td>
<td></td>
<td>0</td>
<td>demoTestNG.FirstScenario2@29f7cefd</td></tr>
<tr>
<td title='demoTestNG.FirstScenario.third_testcase()'><b>third_testcase</b><br>Test class: demoTestNG.FirstScenario</td>
<td></td>
<td>0</td>
<td>demoTestNG.FirstScenario@508dec2b</td></tr>
<tr>
<td title='demoTestNG.FirstScenario2.fifth_testcase()'><b>fifth_testcase</b><br>Test class: demoTestNG.FirstScenario2</td>
<td></td>
<td>0</td>
<td>demoTestNG.FirstScenario2@29f7cefd</td></tr>
<tr>
<td title='demoTestNG.FirstScenario2.forth_testcase()'><b>forth_testcase</b><br>Test class: demoTestNG.FirstScenario2</td>
<td></td>
<td>0</td>
<td>demoTestNG.FirstScenario2@29f7cefd</td></tr>
<tr>
<td title='demoTestNG.FirstScenario9.fifth_testcase()'><b>fifth_testcase</b><br>Test class: demoTestNG.FirstScenario9</td>
<td></td>
<td>0</td>
<td>demoTestNG.FirstScenario9@565f390</td></tr>
<tr>
<td title='demoTestNG.FirstScenario4.sixth_testcase()'><b>sixth_testcase</b><br>Test class: demoTestNG.FirstScenario4</td>
<td></td>
<td>0</td>
<td>demoTestNG.FirstScenario4@6f36c2f0</td></tr>
<tr>
<td title='demoTestNG.FirstScenario8.fifth_testcase()'><b>fifth_testcase</b><br>Test class: demoTestNG.FirstScenario8</td>
<td></td>
<td>0</td>
<td>demoTestNG.FirstScenario8@13d73f29</td></tr>
<tr>
<td title='demoTestNG.FirstScenario3.first_testcase()'><b>first_testcase</b><br>Test class: demoTestNG.FirstScenario3</td>
<td></td>
<td>0</td>
<td>demoTestNG.FirstScenario3@1e16c0aa</td></tr>
<tr>
<td title='demoTestNG.FirstScenario.fifth_testcase()'><b>fifth_testcase</b><br>Test class: demoTestNG.FirstScenario</td>
<td></td>
<td>0</td>
<td>demoTestNG.FirstScenario@508dec2b</td></tr>
<tr>
<td title='org.xyz.automation.fb.HandleKeyboardMouseWindows.handleAlerts()'><b>handleAlerts</b><br>Test class: org.xyz.automation.fb.HandleKeyboardMouseWindows</td>
<td></td>
<td>4</td>
<td>org.xyz.automation.fb.HandleKeyboardMouseWindows@700fb871</td></tr>
<tr>
<td title='demoTestNG.FirstScenario8.forth_testcase()'><b>forth_testcase</b><br>Test class: demoTestNG.FirstScenario8</td>
<td></td>
<td>0</td>
<td>demoTestNG.FirstScenario8@13d73f29</td></tr>
<tr>
<td title='demoTestNG.FirstScenario9.first_testcase()'><b>first_testcase</b><br>Test class: demoTestNG.FirstScenario9</td>
<td></td>
<td>0</td>
<td>demoTestNG.FirstScenario9@565f390</td></tr>
<tr>
<td title='demoTestNG.FirstScenario4.fifth_testcase()'><b>fifth_testcase</b><br>Test class: demoTestNG.FirstScenario4</td>
<td></td>
<td>0</td>
<td>demoTestNG.FirstScenario4@6f36c2f0</td></tr>
<tr>
<td title='demoTestNG.FirstScenario3.fifth_testcase()'><b>fifth_testcase</b><br>Test class: demoTestNG.FirstScenario3</td>
<td></td>
<td>0</td>
<td>demoTestNG.FirstScenario3@1e16c0aa</td></tr>
<tr>
<td title='demoTestNG.FirstScenario5.fifth_testcase()'><b>fifth_testcase</b><br>Test class: demoTestNG.FirstScenario5</td>
<td></td>
<td>0</td>
<td>demoTestNG.FirstScenario5@f58853c</td></tr>
<tr>
<td title='demoTestNG.FirstScenario3.sixth_testcase()'><b>sixth_testcase</b><br>Test class: demoTestNG.FirstScenario3</td>
<td></td>
<td>0</td>
<td>demoTestNG.FirstScenario3@1e16c0aa</td></tr>
<tr>
<td title='demoTestNG.FirstScenario5.third_testcase()'><b>third_testcase</b><br>Test class: demoTestNG.FirstScenario5</td>
<td></td>
<td>0</td>
<td>demoTestNG.FirstScenario5@f58853c</td></tr>
<tr>
<td title='demoTestNG.FirstScenario4.third_testcase()'><b>third_testcase</b><br>Test class: demoTestNG.FirstScenario4</td>
<td></td>
<td>0</td>
<td>demoTestNG.FirstScenario4@6f36c2f0</td></tr>
<tr>
<td title='basicPkg.FirstScenario2.sixth_testcase()'><b>sixth_testcase</b><br>Test class: basicPkg.FirstScenario2</td>
<td></td>
<td>0</td>
<td>basicPkg.FirstScenario2@1224144a</td></tr>
<tr>
<td title='demoTestNG.FirstScenario2.sixth_testcase()'><b>sixth_testcase</b><br>Test class: demoTestNG.FirstScenario2</td>
<td></td>
<td>0</td>
<td>demoTestNG.FirstScenario2@29f7cefd</td></tr>
<tr>
<td title='demoTestNG.FirstScenario3.third_testcase()'><b>third_testcase</b><br>Test class: demoTestNG.FirstScenario3</td>
<td></td>
<td>0</td>
<td>demoTestNG.FirstScenario3@1e16c0aa</td></tr>
<tr>
<td title='demoTestNG.FirstScenario8.third_testcase()'><b>third_testcase</b><br>Test class: demoTestNG.FirstScenario8</td>
<td></td>
<td>0</td>
<td>demoTestNG.FirstScenario8@13d73f29</td></tr>
<tr>
<td title='demoTestNG.FirstScenario4.forth_testcase()'><b>forth_testcase</b><br>Test class: demoTestNG.FirstScenario4</td>
<td></td>
<td>0</td>
<td>demoTestNG.FirstScenario4@6f36c2f0</td></tr>
</table><p>
<table width='100%' border='1' class='invocation-skipped'>
<tr><td colspan='4' align='center'><b>SKIPPED TESTS</b></td></tr>
<tr><td><b>Test method</b></td>
<td><b>Attribute(s)</b></td>
<td width="30%"><b>Exception</b></td>
<td width="10%"><b>Time (seconds)</b></td>
<td><b>Instance</b></td>
</tr>
<tr>
<td title='demoTestNG.FirstScenario9.forth_testcase()'><b>forth_testcase</b><br>Test class: demoTestNG.FirstScenario9</td>
<td><div><pre>java.lang.Throwable: Method demoTestNG.FirstScenario9.forth_testcase() on instance demoTestNG.FirstScenario9@565f390 depends on not successfully finished methods 
[demoTestNG.FirstScenario9.third_testcase() on instance demoTestNG.FirstScenario9@565f390]
	at java.base/java.util.ArrayList.forEach(ArrayList.java:1511)
... Removed 18 stack frames</pre></div><a href='#' onClick='toggleBox("stack-trace1458748394", this, "Click to show all stack frames", "Click to hide stack frames")'>Click to show all stack frames</a>
<div class='stack-trace' id='stack-trace1458748394'><pre>java.lang.Throwable: Method demoTestNG.FirstScenario9.forth_testcase() on instance demoTestNG.FirstScenario9@565f390 depends on not successfully finished methods 
[demoTestNG.FirstScenario9.third_testcase() on instance demoTestNG.FirstScenario9@565f390]
	at org.testng.internal.invokers.TestInvoker.invokeTestMethods(TestInvoker.java:159)
	at org.testng.internal.invokers.TestMethodWorker.invokeTestMethods(TestMethodWorker.java:154)
	at org.testng.internal.invokers.TestMethodWorker.run(TestMethodWorker.java:134)
	at java.base/java.util.ArrayList.forEach(ArrayList.java:1511)
	at org.testng.TestRunner.privateRun(TestRunner.java:739)
	at org.testng.TestRunner.run(TestRunner.java:614)
	at org.testng.SuiteRunner.runTest(SuiteRunner.java:421)
	at org.testng.SuiteRunner.runSequentially(SuiteRunner.java:413)
	at org.testng.SuiteRunner.privateRun(SuiteRunner.java:373)
	at org.testng.SuiteRunner.run(SuiteRunner.java:312)
	at org.testng.SuiteRunnerWorker.runSuite(SuiteRunnerWorker.java:52)
	at org.testng.SuiteRunnerWorker.run(SuiteRunnerWorker.java:95)
	at org.testng.TestNG.runSuitesSequentially(TestNG.java:1274)
	at org.testng.TestNG.runSuitesLocally(TestNG.java:1208)
	at org.testng.TestNG.runSuites(TestNG.java:1112)
	at org.testng.TestNG.run(TestNG.java:1079)
	at org.testng.remote.AbstractRemoteTestNG.run(AbstractRemoteTestNG.java:115)
	at org.testng.remote.RemoteTestNG.initAndRun(RemoteTestNG.java:293)
	at org.testng.remote.RemoteTestNG.main(RemoteTestNG.java:91)
</pre></div></td>
<td>0</td>
<td>demoTestNG.FirstScenario9@565f390</td></tr>
</table><p>
</body>
</html>